<?xml version="1.0" encoding="UTF-8"?>
<testng-results ignored="0" total="1" passed="1" failed="0" skipped="0">
  <reporter-output>
    <line>
      <![CDATA[This is home page of application]]>
    </line>
    <line>
      <![CDATA[we are navigated to purchage page]]>
    </line>
  </reporter-output>
  <suite started-at="2024-02-14T21:26:06 IST" name="Suite" finished-at="2024-02-14T21:26:15 IST" duration-ms="8919">
    <groups>
    </groups>
    <test started-at="2024-02-14T21:26:06 IST" name="Test" finished-at="2024-02-14T21:26:15 IST" duration-ms="8919">
      <class name="testScript1.ByParameterData">
        <test-method signature="byParameterMethod(java.lang.String)[pri:0, instance:testScript1.ByParameterData@79924b]" started-at="2024-02-14T21:26:06 IST" name="byParameterMethod" finished-at="2024-02-14T21:26:15 IST" duration-ms="8871" status="PASS">
          <params>
            <param index="0">
              <value>
                <![CDATA[https://blazedemo.com/index.php]]>
              </value>
            </param>
          </params>
          <reporter-output>
            <line>
              <![CDATA[This is home page of application]]>
            </line>
            <line>
              <![CDATA[we are navigated to purchage page]]>
            </line>
          </reporter-output>
        </test-method> <!-- byParameterMethod -->
      </class> <!-- testScript1.ByParameterData -->
    </test> <!-- Test -->
  </suite> <!-- Suite -->
</testng-results>
